0 info it worked if it ends with ok
1 verbose cli [ '/usr/bin/nodejs', '/usr/bin/npm', 'publish' ]
2 info using npm@3.5.2
3 info using node@v4.2.6
4 verbose publish [ '.' ]
5 silly cache add args [ '.', null ]
6 verbose cache add spec .
7 silly cache add parsed spec Result {
7 silly cache add   raw: '.',
7 silly cache add   scope: null,
7 silly cache add   name: null,
7 silly cache add   rawSpec: '.',
7 silly cache add   spec: '/mnt/c/Users/Pro/Documents/apm',
7 silly cache add   type: 'directory' }
8 verbose addLocalDirectory /home/yukimir/.npm/aigis-apm/1.0.0/package.tgz not in flight; packing
9 info lifecycle aigis-apm@1.0.0~prepublish: aigis-apm@1.0.0
10 silly lifecycle aigis-apm@1.0.0~prepublish: no script for prepublish, continuing
11 verbose tar pack [ '/home/yukimir/.npm/aigis-apm/1.0.0/package.tgz',
11 verbose tar pack   '/mnt/c/Users/Pro/Documents/apm' ]
12 verbose tarball /home/yukimir/.npm/aigis-apm/1.0.0/package.tgz
13 verbose folder /mnt/c/Users/Pro/Documents/apm
14 verbose addLocalTarball adding from inside cache /home/yukimir/.npm/aigis-apm/1.0.0/package.tgz
15 silly cache afterAdd aigis-apm@1.0.0
16 verbose afterAdd /home/yukimir/.npm/aigis-apm/1.0.0/package/package.json not in flight; writing
17 verbose afterAdd /home/yukimir/.npm/aigis-apm/1.0.0/package/package.json written
18 silly publish { name: 'aigis-apm',
18 silly publish   version: '1.0.0',
18 silly publish   description: 'aigis player plugin manager',
18 silly publish   main: 'index.js',
18 silly publish   scripts: { build: 'tsc' },
18 silly publish   author: { name: 'yukimir' },
18 silly publish   license: 'MIT',
18 silly publish   bin: { apm: './index.js' },
18 silly publish   dependencies: { archiver: '^3.0.0', commander: '^2.18.0', request: '^2.88.0' },
18 silly publish   devDependencies: { '@types/archiver': '^2.1.2', '@types/request': '^2.47.1' },
18 silly publish   gitHead: 'c5cfdb245df4ab7f1ea99b76d834757cb82fba15',
18 silly publish   readme: 'ERROR: No README data found!',
18 silly publish   _id: 'aigis-apm@1.0.0',
18 silly publish   _shasum: '3d6fb0994deb864f964ebceb80627348ba3b553b',
18 silly publish   _from: '.' }
19 verbose getPublishConfig undefined
20 silly mapToRegistry name aigis-apm
21 silly mapToRegistry using default registry
22 silly mapToRegistry registry https://registry.npmjs.org/
23 silly mapToRegistry uri https://registry.npmjs.org/aigis-apm
24 verbose publish registryBase https://registry.npmjs.org/
25 silly publish uploading /home/yukimir/.npm/aigis-apm/1.0.0/package.tgz
26 verbose request uri https://registry.npmjs.org/aigis-apm
27 verbose request sending authorization for write operation
28 info attempt registry request try #1 at 11:11:50 PM
29 verbose request using bearer token for auth
30 verbose request id 2515fe9aed554657
31 http request PUT https://registry.npmjs.org/aigis-apm
32 http 403 https://registry.npmjs.org/aigis-apm
33 verbose headers { date: 'Thu, 04 Oct 2018 15:11:57 GMT',
33 verbose headers   'content-type': 'application/json',
33 verbose headers   'transfer-encoding': 'chunked',
33 verbose headers   connection: 'keep-alive',
33 verbose headers   'set-cookie': [ '__cfduid=d8c101ccfea3674d6c132ff39ccfc36ac1538665914; expires=Fri, 04-Oct-19 15:11:54 GMT; path=/; domain=.registry.npmjs.org; HttpOnly' ],
33 verbose headers   'cf-ray': '4648956b8f9ca524-NRT',
33 verbose headers   'expect-ct': 'max-age=604800, report-uri="https://report-uri.cloudflare.com/cdn-cgi/beacon/expect-ct"',
33 verbose headers   vary: 'Accept-Encoding',
33 verbose headers   server: 'cloudflare',
33 verbose headers   'content-encoding': 'gzip' }
34 verbose request invalidating /home/yukimir/.npm/registry.npmjs.org/aigis-apm on PUT
35 error publish Failed PUT 403
36 verbose stack Error: You cannot publish over the previously published versions: 1.0.0. : aigis-apm
36 verbose stack     at makeError (/usr/share/npm/node_modules/npm-registry-client/lib/request.js:264:12)
36 verbose stack     at CachingRegistryClient.<anonymous> (/usr/share/npm/node_modules/npm-registry-client/lib/request.js:252:14)
36 verbose stack     at /usr/share/npm/node_modules/npm-registry-client/lib/request.js:178:7
36 verbose stack     at Gunzip.onEnd (zlib.js:227:5)
36 verbose stack     at emitNone (events.js:72:20)
36 verbose stack     at Gunzip.emit (events.js:166:7)
36 verbose stack     at endReadableNT (_stream_readable.js:905:12)
36 verbose stack     at nextTickCallbackWith2Args (node.js:441:9)
36 verbose stack     at process._tickCallback (node.js:355:17)
37 verbose statusCode 403
38 verbose pkgid aigis-apm
39 verbose cwd /mnt/c/Users/Pro/Documents/apm
40 error Linux 4.4.0-17134-Microsoft
41 error argv "/usr/bin/nodejs" "/usr/bin/npm" "publish"
42 error node v4.2.6
43 error npm  v3.5.2
44 error code E403
45 error You cannot publish over the previously published versions: 1.0.0. : aigis-apm
46 error If you need help, you may report this error at:
46 error     <https://github.com/npm/npm/issues>
47 verbose exit [ 1, true ]
